13:45:18: Creating resource group General
13:45:18: Creating resource group Internal
13:45:18: Creating resource group Autodetect
13:45:18: SceneManagerFactory for type 'DefaultSceneManager' registered.
13:45:18: Registering ResourceManager for type Material
13:45:18: Registering ResourceManager for type Mesh
13:45:18: Registering ResourceManager for type Skeleton
13:45:18: MovableObjectFactory for type 'ParticleSystem' registered.
13:45:18: OverlayElementFactory for type Panel registered.
13:45:18: OverlayElementFactory for type BorderPanel registered.
13:45:18: OverlayElementFactory for type TextArea registered.
13:45:18: Registering ResourceManager for type Font
13:45:18: ArchiveFactory for archive type FileSystem registered.
13:45:18: ArchiveFactory for archive type Zip registered.
13:45:18: DDS codec registering
13:45:18: FreeImage version: 3.15.1
13:45:18: This program uses FreeImage, a free, open source image library supporting all common bitmap formats. See http://freeimage.sourceforge.net for details
13:45:18: Supported formats: bmp,ico,jpg,jif,jpeg,jpe,jng,koa,iff,lbm,mng,pbm,pbm,pcd,pcx,pgm,pgm,png,ppm,ppm,ras,tga,targa,tif,tiff,wap,wbmp,wbm,psd,cut,xbm,xpm,gif,hdr,g3,sgi,exr,j2k,j2c,jp2,pfm,pct,pict,pic,3fr,arw,bay,bmq,cap,cine,cr2,crw,cs1,dc2,dcr,drf,dsc,dng,erf,fff,ia,iiq,k25,kc2,kdc,mdc,mef,mos,mrw,nef,nrw,orf,pef,ptx,pxn,qtk,raf,raw,rdc,rw2,rwl,rwz,sr2,srf,sti
13:45:18: Registering ResourceManager for type HighLevelGpuProgram
13:45:18: Registering ResourceManager for type Compositor
13:45:18: MovableObjectFactory for type 'Entity' registered.
13:45:18: MovableObjectFactory for type 'Light' registered.
13:45:18: MovableObjectFactory for type 'BillboardSet' registered.
13:45:18: MovableObjectFactory for type 'ManualObject' registered.
13:45:18: MovableObjectFactory for type 'BillboardChain' registered.
13:45:18: MovableObjectFactory for type 'RibbonTrail' registered.
13:45:18: Loading library /usr/lib/OGRE/RenderSystem_GL
13:45:18: Installing plugin: GL RenderSystem
13:45:18: OpenGL Rendering Subsystem created.
13:45:18: Plugin successfully installed
13:45:18: Loading library /usr/lib/OGRE/Plugin_ParticleFX
13:45:18: Installing plugin: ParticleFX
13:45:18: Particle Emitter Type 'Point' registered
13:45:18: Particle Emitter Type 'Box' registered
13:45:18: Particle Emitter Type 'Ellipsoid' registered
13:45:18: Particle Emitter Type 'Cylinder' registered
13:45:18: Particle Emitter Type 'Ring' registered
13:45:18: Particle Emitter Type 'HollowEllipsoid' registered
13:45:18: Particle Affector Type 'LinearForce' registered
13:45:18: Particle Affector Type 'ColourFader' registered
13:45:18: Particle Affector Type 'ColourFader2' registered
13:45:18: Particle Affector Type 'ColourImage' registered
13:45:18: Particle Affector Type 'ColourInterpolator' registered
13:45:18: Particle Affector Type 'Scaler' registered
13:45:18: Particle Affector Type 'Rotator' registered
13:45:18: Particle Affector Type 'DirectionRandomiser' registered
13:45:18: Particle Affector Type 'DeflectorPlane' registered
13:45:18: Plugin successfully installed
13:45:18: Loading library /usr/lib/OGRE/Plugin_BSPSceneManager
13:45:18: Installing plugin: BSP Scene Manager
13:45:18: Plugin successfully installed
13:45:18: Loading library /usr/lib/OGRE/Plugin_CgProgramManager
13:45:18: Installing plugin: Cg Program Manager
13:45:18: Plugin successfully installed
13:45:18: Loading library /usr/lib/OGRE/Plugin_PCZSceneManager
13:45:18: Installing plugin: Portal Connected Zone Scene Manager
13:45:18: PCZone Factory Type 'ZoneType_Default' registered
13:45:18: Plugin successfully installed
13:45:18: Loading library /usr/lib/OGRE/Plugin_OctreeZone
13:45:18: Installing plugin: Octree Zone Factory
13:45:18: Plugin successfully installed
13:45:18: Loading library /usr/lib/OGRE/Plugin_OctreeSceneManager
13:45:18: Installing plugin: Octree & Terrain Scene Manager
13:45:18: Plugin successfully installed
13:45:18: *-*-* OGRE Initialising
13:45:18: *-*-* Version 1.7.3 (Cthugha)
13:45:18: Creating resource group Essential
13:45:18: Added resource location '/usr/share/OGRE/media/thumbnails' of type 'FileSystem' to resource group 'Essential'
13:45:18: Added resource location '/usr/share/OGRE/media/packs/SdkTrays.zip' of type 'Zip' to resource group 'Essential'
13:45:18: Added resource location '/usr/share/OGRE/media' of type 'FileSystem' to resource group 'General'
13:45:18: Added resource location '/home/mark/RTT/RTT_Ogre_3D/ogretest' of type 'FileSystem' to resource group 'General'
13:45:18: Creating resource group Popular
13:45:18: Added resource location '/usr/share/OGRE/media/fonts' of type 'FileSystem' to resource group 'Popular'
13:45:18: Added resource location '/usr/share/OGRE/media/materials/programs' of type 'FileSystem' to resource group 'Popular'
13:45:18: Added resource location '/usr/share/OGRE/media/materials/scripts' of type 'FileSystem' to resource group 'Popular'
13:45:18: Added resource location '/usr/share/OGRE/media/materials/textures' of type 'FileSystem' to resource group 'Popular'
13:45:18: Added resource location '/usr/share/OGRE/media/materials/textures/nvidia' of type 'FileSystem' to resource group 'Popular'
13:45:18: Added resource location '/usr/share/OGRE/media/models' of type 'FileSystem' to resource group 'Popular'
13:45:18: Added resource location '/usr/share/OGRE/media/particle' of type 'FileSystem' to resource group 'Popular'
13:45:18: Added resource location '/usr/share/OGRE/media/DeferredShadingMedia' of type 'FileSystem' to resource group 'Popular'
13:45:18: Added resource location '/usr/share/OGRE/media/PCZAppMedia' of type 'FileSystem' to resource group 'Popular'
13:45:18: Added resource location '/usr/share/OGRE/media/RTShaderLib' of type 'FileSystem' to resource group 'Popular'
13:45:18: Added resource location '/usr/share/OGRE/media/RTShaderLib/materials' of type 'FileSystem' to resource group 'Popular'
13:45:18: Added resource location '/usr/share/OGRE/media/packs/cubemap.zip' of type 'Zip' to resource group 'Popular'
13:45:18: Added resource location '/usr/share/OGRE/media/packs/cubemapsJS.zip' of type 'Zip' to resource group 'Popular'
13:45:18: Added resource location '/usr/share/OGRE/media/packs/dragon.zip' of type 'Zip' to resource group 'Popular'
13:45:18: Added resource location '/usr/share/OGRE/media/packs/fresneldemo.zip' of type 'Zip' to resource group 'Popular'
13:45:18: Added resource location '/usr/share/OGRE/media/packs/ogretestmap.zip' of type 'Zip' to resource group 'Popular'
13:45:18: Added resource location '/usr/share/OGRE/media/packs/ogredance.zip' of type 'Zip' to resource group 'Popular'
13:45:18: Added resource location '/usr/share/OGRE/media/packs/Sinbad.zip' of type 'Zip' to resource group 'Popular'
13:45:18: Added resource location '/usr/share/OGRE/media/packs/skybox.zip' of type 'Zip' to resource group 'Popular'
13:45:18: CPU Identifier & Features
13:45:18: -------------------------
13:45:18:  *   CPU ID: AuthenticAMD: AMD Phenom(tm) II X6 1090T Processor
13:45:18:  *      SSE: yes
13:45:18:  *     SSE2: yes
13:45:18:  *     SSE3: yes
13:45:18:  *      MMX: yes
13:45:18:  *   MMXEXT: yes
13:45:18:  *    3DNOW: yes
13:45:18:  * 3DNOWEXT: yes
13:45:18:  *     CMOV: yes
13:45:18:  *      TSC: yes
13:45:18:  *      FPU: yes
13:45:18:  *      PRO: yes
13:45:18:  *       HT: no
13:45:18: -------------------------
13:45:18: ******************************
*** Starting GLX Subsystem ***
******************************
13:45:18: GLRenderSystem::_createRenderWindow "Real Time Tactics Render Window", 800x600 windowed  miscParams: FSAA=8 displayFrequency=50 MHz gamma=No vsync=Yes 
13:45:18: GLXWindow::create used FBConfigID = 333
13:45:18: GL_VERSION = 4.2.0 NVIDIA 290.10
13:45:18: GL_VENDOR = NVIDIA Corporation
13:45:18: GL_RENDERER = Quadro 4000/PCI/SSE2
13:45:18: GL_EXTENSIONS = GL_ARB_base_instance GL_ARB_blend_func_extended GL_ARB_color_buffer_float GL_ARB_compatibility GL_ARB_compressed_texture_pixel_storage GL_ARB_conservative_depth GL_ARB_copy_buffer GL_ARB_depth_buffer_float GL_ARB_depth_clamp GL_ARB_depth_texture GL_ARB_draw_buffers GL_ARB_draw_buffers_blend GL_ARB_draw_indirect GL_ARB_draw_elements_base_vertex GL_ARB_draw_instanced GL_ARB_ES2_compatibility GL_ARB_explicit_attrib_location GL_ARB_fragment_coord_conventions GL_ARB_fragment_program GL_ARB_fragment_program_shadow GL_ARB_fragment_shader GL_ARB_framebuffer_object GL_ARB_framebuffer_sRGB GL_ARB_geometry_shader4 GL_ARB_get_program_binary GL_ARB_gpu_shader5 GL_ARB_gpu_shader_fp64 GL_ARB_half_float_pixel GL_ARB_half_float_vertex GL_ARB_imaging GL_ARB_instanced_arrays GL_ARB_internalformat_query GL_ARB_map_buffer_alignment GL_ARB_map_buffer_range GL_ARB_multisample GL_ARB_multitexture GL_ARB_occlusion_query GL_ARB_occlusion_query2 GL_ARB_pixel_buffer_object GL_ARB_point_parameters GL_ARB_point_sprite GL_ARB_provoking_vertex GL_ARB_robustness GL_ARB_sample_shading GL_ARB_sampler_objects GL_ARB_seamless_cube_map GL_ARB_separate_shader_objects GL_ARB_shader_atomic_counters GL_ARB_shader_bit_encoding GL_ARB_shader_image_load_store GL_ARB_shader_objects GL_ARB_shader_precision GL_ARB_shader_subroutine GL_ARB_shading_language_100 GL_ARB_shading_language_420pack GL_ARB_shading_language_include GL_ARB_shading_language_packing GL_ARB_shadow GL_ARB_sync GL_ARB_tessellation_shader GL_ARB_texture_border_clamp GL_ARB_texture_buffer_object GL_ARB_texture_buffer_object_rgb32 GL_ARB_texture_compression GL_ARB_texture_compression_bptc GL_ARB_texture_compression_rgtc GL_ARB_texture_cube_map GL_ARB_texture_cube_map_array GL_ARB_texture_env_add GL_ARB_texture_env_combine GL_ARB_texture_env_crossbar GL_ARB_texture_env_dot3 GL_ARB_texture_float GL_ARB_texture_gather GL_ARB_texture_mirrored_repeat GL_ARB_texture_multisample GL_ARB_texture_non_power_of_two GL_ARB_texture_query_lod GL_ARB_texture_rectangle GL_ARB_texture_rg GL_ARB_texture_rgb10_a2ui GL_ARB_texture_storage GL_ARB_texture_swizzle GL_ARB_timer_query GL_ARB_transform_feedback2 GL_ARB_transform_feedback3 GL_ARB_transform_feedback_instanced GL_ARB_transpose_matrix GL_ARB_uniform_buffer_object GL_ARB_vertex_array_bgra GL_ARB_vertex_array_object GL_ARB_vertex_attrib_64bit GL_ARB_vertex_buffer_object GL_ARB_vertex_program GL_ARB_vertex_shader GL_ARB_vertex_type_2_10_10_10_rev GL_ARB_viewport_array GL_ARB_window_pos GL_ATI_draw_buffers GL_ATI_texture_float GL_ATI_texture_mirror_once GL_S3_s3tc GL_EXT_texture_env_add GL_EXT_abgr GL_EXT_bgra GL_EXT_bindable_uniform GL_EXT_blend_color GL_EXT_blend_equation_separate GL_EXT_blend_func_separate GL_EXT_blend_minmax GL_EXT_blend_subtract GL_EXT_compiled_vertex_array GL_EXT_Cg_shader GL_EXT_depth_bounds_test GL_EXT_direct_state_access GL_EXT_draw_buffers2 GL_EXT_draw_instanced GL_EXT_draw_range_elements GL_EXT_fog_coord GL_EXT_framebuffer_blit GL_EXT_framebuffer_multisample GL_EXTX_framebuffer_mixed_formats GL_EXT_framebuffer_object GL_EXT_framebuffer_sRGB GL_EXT_geometry_shader4 GL_EXT_gpu_program_parameters GL_EXT_gpu_shader4 GL_EXT_multi_draw_arrays GL_EXT_packed_depth_stencil GL_EXT_packed_float GL_EXT_packed_pixels GL_EXT_pixel_buffer_object GL_EXT_point_parameters GL_EXT_provoking_vertex GL_EXT_rescale_normal GL_EXT_secondary_color GL_EXT_separate_shader_objects GL_EXT_separate_specular_color GL_EXT_shader_image_load_store GL_EXT_shadow_funcs GL_EXT_stencil_two_side GL_EXT_stencil_wrap GL_EXT_texture3D GL_EXT_texture_array GL_EXT_texture_buffer_object GL_EXT_texture_compression_dxt1 GL_EXT_texture_compression_latc GL_EXT_texture_compression_rgtc GL_EXT_texture_compression_s3tc GL_EXT_texture_cube_map GL_EXT_texture_edge_clamp GL_EXT_texture_env_combine GL_EXT_texture_env_dot3 GL_EXT_texture_filter_anisotropic GL_EXT_texture_format_BGRA8888 GL_EXT_texture_integer GL_EXT_texture_lod GL_EXT_texture_lod_bias GL_EXT_texture_mirror_clamp GL_EXT_texture_object GL_EXT_texture_shared_exponent GL_EXT_texture_sRGB GL_EXT_texture_sRGB_decode GL_EXT_texture_storage GL_EXT_texture_swizzle GL_EXT_texture_type_2_10_10_10_REV GL_EXT_timer_query GL_EXT_transform_feedback2 GL_EXT_vertex_array GL_EXT_vertex_array_bgra GL_EXT_vertex_attrib_64bit GL_EXT_x11_sync_object GL_EXT_import_sync_object GL_NVX_shared_sync_object GL_IBM_rasterpos_clip GL_IBM_texture_mirrored_repeat GL_KTX_buffer_region GL_NV_alpha_test GL_NV_blend_minmax GL_NV_blend_square GL_NV_complex_primitives GL_NV_conditional_render GL_NV_copy_depth_to_color GL_NV_copy_image GL_NV_depth_buffer_float GL_NV_depth_clamp GL_NV_explicit_multisample GL_NV_fbo_color_attachments GL_NV_fence GL_NV_float_buffer GL_NV_fog_distance GL_NV_fragdepth GL_NV_fragment_program GL_NV_fragment_program_option GL_NV_fragment_program2 GL_NV_framebuffer_multisample_coverage GL_NV_geometry_shader4 GL_NV_gpu_program4 GL_NV_gpu_program4_1 GL_NV_gpu_program5 GL_NV_gpu_program_fp64 GL_NV_gpu_shader5 GL_NV_half_float GL_NV_light_max_exponent GL_NV_multisample_coverage GL_NV_multisample_filter_hint GL_NV_occlusion_query GL_NV_packed_depth_stencil GL_NV_parameter_buffer_object GL_NV_parameter_buffer_object2 GL_NV_path_rendering GL_NV_pixel_data_range GL_NV_point_sprite GL_NV_primitive_restart GL_NV_register_combiners GL_NV_register_combiners2 GL_NV_shader_atomic_counters GL_NV_shader_buffer_load GL_NV_texgen_reflection GL_NV_texture_barrier GL_NV_texture_compression_vtc GL_NV_texture_env_combine4 GL_NV_texture_expand_normal GL_NV_texture_lod_clamp GL_NV_texture_multisample GL_NV_texture_rectangle GL_NV_texture_shader GL_NV_texture_shader2 GL_NV_texture_shader3 GL_NV_transform_feedback GL_NV_transform_feedback2 GL_NV_vdpau_interop GL_NV_vertex_array_range GL_NV_vertex_array_range2 GL_NV_vertex_attrib_integer_64bit GL_NV_vertex_buffer_unified_memory GL_NV_vertex_program GL_NV_vertex_program1_1 GL_NV_vertex_program2 GL_NV_vertex_program2_option GL_NV_vertex_program3 GL_NV_video_capture GL_NVX_sysmem_buffer GL_NVX_conditional_render GL_NVX_gpu_memory_info GL_OES_depth24 GL_OES_depth32 GL_OES_depth_texture GL_OES_element_index_uint GL_OES_fbo_render_mipmap GL_OES_get_program_binary GL_OES_mapbuffer GL_OES_packed_depth_stencil GL_OES_rgb8_rgba8 GL_OES_standard_derivatives GL_OES_texture_3D GL_OES_texture_float GL_OES_texture_float_linear GL_OES_texture_half_float GL_OES_texture_half_float_linear GL_OES_texture_npot GL_OES_vertex_array_object GL_OES_vertex_half_float GL_SGIS_generate_mipmap GL_SGIS_texture_lod GL_SGIX_depth_texture GL_SGIX_shadow GL_SUN_slice_accum 
13:45:18: Supported GLX extensions: GLX_EXT_visual_info GLX_EXT_visual_rating GLX_SGIX_fbconfig GLX_SGIX_pbuffer GLX_SGI_video_sync GLX_SGI_swap_control GLX_EXT_swap_control GLX_EXT_texture_from_pixmap GLX_ARB_create_context GLX_ARB_create_context_profile GLX_EXT_create_context_es2_profile GLX_ARB_create_context_robustness GLX_ARB_multisample GLX_NV_float_buffer GLX_ARB_fbconfig_float GLX_NV_swap_group GLX_EXT_framebuffer_sRGB GLX_NV_multisample_coverage GLX_NV_copy_image GLX_NV_video_capture GLX_ARB_get_proc_address 
13:45:18: ***************************
13:45:18: *** GL Renderer Started ***
13:45:18: ***************************
13:45:18: Registering ResourceManager for type GpuProgram
13:45:18: GLSL support detected
13:45:18: GL: Using GL_EXT_framebuffer_object for rendering to textures (best)
13:45:18: FBO PF_UNKNOWN depth/stencil support: D16S0 D24S0 D32S0 Packed-D24S8 
13:45:18: FBO PF_L8 depth/stencil support: D0S0 D16S0 D24S0 D32S0 Packed-D24S8 
13:45:19: FBO PF_A8 depth/stencil support: D0S0 D16S0 D24S0 D32S0 Packed-D24S8 
13:45:19: FBO PF_A4L4 depth/stencil support: D0S0 D16S0 D24S0 D32S0 Packed-D24S8 
13:45:19: FBO PF_BYTE_LA depth/stencil support: D0S0 D16S0 D24S0 D32S0 Packed-D24S8 
13:45:19: FBO PF_R5G6B5 depth/stencil support: D0S0 D16S0 D24S0 D32S0 Packed-D24S8 
13:45:19: FBO PF_B5G6R5 depth/stencil support: D0S0 D16S0 D24S0 D32S0 Packed-D24S8 
13:45:19: FBO PF_A4R4G4B4 depth/stencil support: D0S0 D16S0 D24S0 D32S0 Packed-D24S8 
13:45:19: FBO PF_A1R5G5B5 depth/stencil support: D0S0 D16S0 D24S0 D32S0 Packed-D24S8 
13:45:19: FBO PF_R8G8B8 depth/stencil support: D0S0 D16S0 D24S0 D32S0 Packed-D24S8 
13:45:19: FBO PF_B8G8R8 depth/stencil support: D0S0 D16S0 D24S0 D32S0 Packed-D24S8 
13:45:19: FBO PF_A8R8G8B8 depth/stencil support: D0S0 D16S0 D24S0 D32S0 Packed-D24S8 
13:45:19: FBO PF_B8G8R8A8 depth/stencil support: D0S0 D16S0 D24S0 D32S0 Packed-D24S8 
13:45:19: FBO PF_A2R10G10B10 depth/stencil support: D0S0 D16S0 D24S0 D32S0 Packed-D24S8 
13:45:19: FBO PF_A2B10G10R10 depth/stencil support: D0S0 D16S0 D24S0 D32S0 Packed-D24S8 
13:45:19: FBO PF_FLOAT16_RGB depth/stencil support: D0S0 D16S0 D24S0 D32S0 Packed-D24S8 
13:45:19: FBO PF_FLOAT16_RGBA depth/stencil support: D0S0 D16S0 D24S0 D32S0 Packed-D24S8 
13:45:19: FBO PF_FLOAT32_RGB depth/stencil support: D0S0 D16S0 D24S0 D32S0 Packed-D24S8 
13:45:19: FBO PF_FLOAT32_RGBA depth/stencil support: D0S0 D16S0 D24S0 D32S0 Packed-D24S8 
13:45:19: FBO PF_X8R8G8B8 depth/stencil support: D0S0 D16S0 D24S0 D32S0 Packed-D24S8 
13:45:19: FBO PF_X8B8G8R8 depth/stencil support: D0S0 D16S0 D24S0 D32S0 Packed-D24S8 
13:45:19: FBO PF_SHORT_RGBA depth/stencil support: D0S0 D16S0 D24S0 D32S0 Packed-D24S8 
13:45:19: FBO PF_R3G3B2 depth/stencil support: D0S0 D16S0 D24S0 D32S0 Packed-D24S8 
13:45:19: FBO PF_FLOAT16_R depth/stencil support: D0S0 D16S0 D24S0 D32S0 Packed-D24S8 
13:45:19: FBO PF_FLOAT32_R depth/stencil support: D0S0 D16S0 D24S0 D32S0 Packed-D24S8 
13:45:19: FBO PF_FLOAT16_GR depth/stencil support: D0S0 D16S0 D24S0 D32S0 Packed-D24S8 
13:45:19: FBO PF_FLOAT32_GR depth/stencil support: D0S0 D16S0 D24S0 D32S0 Packed-D24S8 
13:45:19: FBO PF_SHORT_RGB depth/stencil support: D0S0 D16S0 D24S0 D32S0 Packed-D24S8 
13:45:19: [GL] : Valid FBO targets PF_UNKNOWN PF_L8 PF_A8 PF_A4L4 PF_BYTE_LA PF_R5G6B5 PF_B5G6R5 PF_A4R4G4B4 PF_A1R5G5B5 PF_R8G8B8 PF_B8G8R8 PF_A8R8G8B8 PF_B8G8R8A8 PF_A2R10G10B10 PF_A2B10G10R10 PF_FLOAT16_RGB PF_FLOAT16_RGBA PF_FLOAT32_RGB PF_FLOAT32_RGBA PF_X8R8G8B8 PF_X8B8G8R8 PF_SHORT_RGBA PF_R3G3B2 PF_FLOAT16_R PF_FLOAT32_R PF_FLOAT16_GR PF_FLOAT32_GR PF_SHORT_RGB 
13:45:19: RenderSystem capabilities
13:45:19: -------------------------
13:45:19: RenderSystem Name: OpenGL Rendering Subsystem
13:45:19: GPU Vendor: nvidia
13:45:19: Device Name: Quadro 4000/PCI/SSE2
13:45:19: Driver Version: 4.2.0.0
13:45:19:  * Fixed function pipeline: yes
13:45:19:  * Hardware generation of mipmaps: yes
13:45:19:  * Texture blending: yes
13:45:19:  * Anisotropic texture filtering: yes
13:45:19:  * Dot product texture operation: yes
13:45:19:  * Cube mapping: yes
13:45:19:  * Hardware stencil buffer: yes
13:45:19:    - Stencil depth: 8
13:45:19:    - Two sided stencil support: yes
13:45:19:    - Wrap stencil values: yes
13:45:19:  * Hardware vertex / index buffers: yes
13:45:19:  * Vertex programs: yes
13:45:19:  * Number of floating-point constants for vertex programs: 1024
13:45:19:  * Number of integer constants for vertex programs: 0
13:45:19:  * Number of boolean constants for vertex programs: 0
13:45:19:  * Fragment programs: yes
13:45:19:  * Number of floating-point constants for fragment programs: 512
13:45:19:  * Number of integer constants for fragment programs: 0
13:45:19:  * Number of boolean constants for fragment programs: 0
13:45:19:  * Geometry programs: yes
13:45:19:  * Number of floating-point constants for geometry programs: 512
13:45:19:  * Number of integer constants for geometry programs: 0
13:45:19:  * Number of boolean constants for geometry programs: 0
13:45:19:  * Supported Shader Profiles: arbfp1 arbvp1 fp20 fp30 fp40 glsl gp4gp gp4vp gpu_gp gpu_vp nvgp4 vp30 vp40
13:45:19:  * Texture Compression: yes
13:45:19:    - DXT: yes
13:45:19:    - VTC: yes
13:45:19:    - PVRTC: no
13:45:19:  * Scissor Rectangle: yes
13:45:19:  * Hardware Occlusion Query: yes
13:45:19:  * User clip planes: yes
13:45:19:  * VET_UBYTE4 vertex element type: yes
13:45:19:  * Infinite far plane projection: yes
13:45:19:  * Hardware render-to-texture: yes
13:45:19:  * Floating point textures: yes
13:45:19:  * Non-power-of-two textures: yes
13:45:19:  * Volume textures: yes
13:45:19:  * Multiple Render Targets: 8
13:45:19:    - With different bit depths: yes
13:45:19:  * Point Sprites: yes
13:45:19:  * Extended point parameters: yes
13:45:19:  * Max Point Size: 63.375
13:45:19:  * Vertex texture fetch: yes
13:45:19:  * Number of world matrices: 0
13:45:19:  * Number of texture units: 32
13:45:19:  * Stencil buffer depth: 8
13:45:19:  * Number of vertex blend matrices: 0
13:45:19:    - Max vertex textures: 32
13:45:19:    - Vertex textures shared: yes
13:45:19:  * Render to Vertex Buffer : yes
13:45:19:  * GL 1.5 without VBO workaround: no
13:45:19:  * Frame Buffer objects: yes
13:45:19:  * Frame Buffer objects (ARB extension): no
13:45:19:  * Frame Buffer objects (ATI extension): no
13:45:19:  * PBuffer support: yes
13:45:19:  * GL 1.5 without HW-occlusion workaround: no
13:45:19: Registering ResourceManager for type Texture
13:45:19: Using FSAA from GL_ARB_multisample extension.
13:45:19: DefaultWorkQueue('Root') initialising on thread 0x2180170.
13:45:19: DefaultWorkQueue('Root')::WorkerFunc - thread 0x25b69c0 starting.
13:45:19: DefaultWorkQueue('Root')::WorkerFunc - thread 0x25b6360 starting.
13:45:19: DefaultWorkQueue('Root')::WorkerFunc - thread 0x25b7620 starting.
13:45:19: DefaultWorkQueue('Root')::WorkerFunc - thread 0x25b81d0 starting.
13:45:19: DefaultWorkQueue('Root')::WorkerFunc - thread 0x25afa60 starting.
13:45:19: DefaultWorkQueue('Root')::WorkerFunc - thread 0x23af330 starting.
13:45:19: Particle Renderer Type 'billboard' registered
13:45:19: SceneManagerFactory for type 'BspSceneManager' registered.
13:45:19: Registering ResourceManager for type BspLevel
13:45:19: SceneManagerFactory for type 'PCZSceneManager' registered.
13:45:19: MovableObjectFactory for type 'PCZLight' registered.
13:45:19: MovableObjectFactory for type 'Portal' registered.
13:45:19: MovableObjectFactory for type 'AntiPortal' registered.
13:45:19: PCZone Factory Type 'ZoneType_Octree' registered
13:45:19: PCZone Factory Type 'ZoneType_Terrain' registered
13:45:19: SceneManagerFactory for type 'OctreeSceneManager' registered.
13:45:19: SceneManagerFactory for type 'TerrainSceneManager' registered.
13:45:19: Parsing scripts for resource group Autodetect
13:45:19: Finished parsing scripts for resource group Autodetect
13:45:19: Parsing scripts for resource group Essential
13:45:19: Parsing script SdkTrays.material
13:45:19: Parsing script SdkTrays.fontdef
13:45:19: Parsing script SdkTrays.overlay
13:45:19: Bad element attribute line: '# you can offset the image to change the cursor "hotspot"' for element SdkTrays/Cursor in overlay 
13:45:19: Texture: sdk_cursor.png: Loading 1 faces(PF_A8R8G8B8,32x32x1) with 5 generated mipmaps from Image. Internal format is PF_A8R8G8B8,32x32x1.
13:45:19: Texture: sdk_tray.png: Loading 1 faces(PF_A8R8G8B8,64x64x1) with 5 generated mipmaps from Image. Internal format is PF_A8R8G8B8,64x64x1.
13:45:19: Texture: sdk_button_up.png: Loading 1 faces(PF_A8R8G8B8,128x32x1) with 5 generated mipmaps from Image. Internal format is PF_A8R8G8B8,128x32x1.
13:45:19: Texture: sdk_text_box.png: Loading 1 faces(PF_A8R8G8B8,32x32x1) with 5 generated mipmaps from Image. Internal format is PF_A8R8G8B8,32x32x1.
13:45:19: Texture: sdk_mini_tray.png: Loading 1 faces(PF_A8R8G8B8,32x32x1) with 5 generated mipmaps from Image. Internal format is PF_A8R8G8B8,32x32x1.
13:45:19: Texture: sdk_track.png: Loading 1 faces(PF_A8R8G8B8,16x32x1) with 5 generated mipmaps from Image. Internal format is PF_A8R8G8B8,16x32x1.
13:45:19: Texture: sdk_handle.png: Loading 1 faces(PF_A8R8G8B8,16x16x1) with 4 generated mipmaps from Image. Internal format is PF_A8R8G8B8,16x16x1.
13:45:19: Texture: sdk_mini_text_box.png: Loading 1 faces(PF_A8R8G8B8,32x32x1) with 5 generated mipmaps from Image. Internal format is PF_A8R8G8B8,32x32x1.
13:45:19: Texture: sdk_label.png: Loading 1 faces(PF_A8R8G8B8,32x32x1) with 5 generated mipmaps from Image. Internal format is PF_A8R8G8B8,32x32x1.
13:45:19: Texture: sdk_separator.png: Loading 1 faces(PF_A8R8G8B8,64x16x1) with 5 generated mipmaps from Image. Internal format is PF_A8R8G8B8,64x16x1.
13:45:19: Texture: sdk_logo.png: Loading 1 faces(PF_A8R8G8B8,128x64x1) with 5 generated mipmaps from Image. Internal format is PF_A8R8G8B8,128x64x1.
13:45:19: Texture: sdk_shade.png: Loading 1 faces(PF_A8R8G8B8,64x48x1) with 5 generated mipmaps from Image. Internal format is PF_A8R8G8B8,64x48x1.
13:45:19: Texture: sdk_frame.png: Loading 1 faces(PF_A8R8G8B8,32x32x1) with 5 generated mipmaps from Image. Internal format is PF_A8R8G8B8,32x32x1.
13:45:19: Texture: sdk_mini_text_box_over.png: Loading 1 faces(PF_A8R8G8B8,32x32x1) with 5 generated mipmaps from Image. Internal format is PF_A8R8G8B8,32x32x1.
13:45:19: Texture: sdk_pulse.png: Loading 1 faces(PF_R8G8B8,8x1x1) with 3 generated mipmaps from Image. Internal format is PF_X8R8G8B8,8x1x1.
13:45:19: Finished parsing scripts for resource group Essential
13:45:19: Parsing scripts for resource group General
13:45:19: Parsing script Claygreen.material
13:45:19: Parsing script Material.003.material
13:45:19: Parsing script Material.012.material
13:45:19: Parsing script Material.001.material
13:45:19: Parsing script ClayBlue.material
13:45:19: Parsing script ClayRed.material
13:45:19: Parsing script Claytan.material
13:45:19: Parsing script Material.002.material
13:45:19: Parsing script Material.material
13:45:19: Finished parsing scripts for resource group General
13:45:19: Parsing scripts for resource group Internal
13:45:19: Finished parsing scripts for resource group Internal
13:45:19: Parsing scripts for resource group Popular
13:45:19: Parsing script StdQuad_vp.program
13:45:19: Parsing script Examples.program
13:45:19: GLSL compiling: Ogre/BasicVertexPrograms/AmbientOneTextureGLSL
13:45:19: GLSL compiled : Ogre/BasicVertexPrograms/AmbientOneTextureGLSL
13:45:19: GLSL compiling: Ogre/HardwareSkinningTwoWeightsGLSL
13:45:19: GLSL compiled : Ogre/HardwareSkinningTwoWeightsGLSL
13:45:19: OGRE EXCEPTION(2:InvalidParametersException): Parameter called ambient does not exist.  in GpuProgramParameters::_findNamedConstantDefinition at /build/buildd/ogre-1.7.3/OgreMain/src/OgreGpuProgramParams.cpp (line 1435)
13:45:19: Compiler error: invalid parameters in Examples.program(130): setting of constant failed
13:45:19: Parsing script deferred_post.program
13:45:19: Parsing script ShadowCaster.program
13:45:19: Parsing script Penguin.material
13:45:19: Parsing script Examples-Water.material
13:45:19: Parsing script OldTV.material
13:45:19: Parsing script Examples.material
13:45:19: OGRE EXCEPTION(2:InvalidParametersException): Parameter called camObjPos does not exist.  in GpuProgramParameters::_findNamedConstantDefinition at /build/buildd/ogre-1.7.3/OgreMain/src/OgreGpuProgramParams.cpp (line 1435)
13:45:19: Compiler error: invalid parameters in Examples.material(874): setting of constant failed
13:45:19: GLSL compiling: Ogre/HardwareSkinningTwoWeightsShadowCasterGLSL
13:45:19: GLSL compiled : Ogre/HardwareSkinningTwoWeightsShadowCasterGLSL
13:45:19: Parsing script Laplace.material
13:45:19: Parsing script VarianceShadowmap.material
13:45:19: Parsing script Example-Water.material
13:45:19: Parsing script smoke.material
13:45:19: Parsing script IsoSurf.material
13:45:19: Problem parsing the following Cg Uniform: '@TMP29' in file Ogre/IsoSurf/TessellateTetrahedraGS
13:45:19: Parsing script pssm.material
13:45:19: Parsing script RadialBlur.material
13:45:19: Parsing script SharpenEdges.material
13:45:19: Parsing script DepthShadowmap.material
13:45:19: GLSL compiling: Ogre/DepthShadowmap/CasterVP_GLSL
13:45:19: GLSL compiled : Ogre/DepthShadowmap/CasterVP_GLSL
13:45:19: GLSL compiling: Ogre/DepthShadowmap/CasterFP_GLSL
13:45:19: GLSL compiled : Ogre/DepthShadowmap/CasterFP_GLSL
13:45:19: GLSL compiling: Ogre/DepthShadowmap/ReceiverVP_GLSL
13:45:19: GLSL compiled : Ogre/DepthShadowmap/ReceiverVP_GLSL
13:45:19: GLSL compiling: Ogre/DepthShadowmap/ReceiverFP_GLSL
13:45:19: GLSL compiled : Ogre/DepthShadowmap/ReceiverFP_GLSL
13:45:19: GLSL compiling: Ogre/DepthShadowmap/ReceiverFPPCF_GLSL
13:45:19: GLSL compiled : Ogre/DepthShadowmap/ReceiverFPPCF_GLSL
13:45:19: GLSL compiling: Ogre/DepthShadowmap/NormalMapReceiverVP_GLSL
13:45:19: GLSL compiled : Ogre/DepthShadowmap/NormalMapReceiverVP_GLSL
13:45:19: GLSL compiling: Ogre/DepthShadowmap/NormalMapReceiverFP_GLSL
13:45:19: GLSL compiled : Ogre/DepthShadowmap/NormalMapReceiverFP_GLSL
13:45:19: GLSL compiling: Ogre/DepthShadowmap/NormalMapReceiverFPPCF_GLSL
13:45:19: GLSL compiled : Ogre/DepthShadowmap/NormalMapReceiverFPPCF_GLSL
13:45:19: Parsing script MRTtest.material
13:45:19: GLSL compiling: Ogre/MRTtest/scenefp/GLSL
13:45:19: GLSL compiled : Ogre/MRTtest/scenefp/GLSL
13:45:19: GLSL compiling: Ogre/MRTtest/quadfp/GLSL
13:45:19: GLSL compiled : Ogre/MRTtest/quadfp/GLSL
13:45:19: GLSL compiling: Ogre/Compositor/StdQuad_GLSL_vp
13:45:19: GLSL compiled : Ogre/Compositor/StdQuad_GLSL_vp
13:45:19: Parsing script MotionBlur.material
13:45:19: Parsing script Glass.material
13:45:19: Parsing script sibenik.material
13:45:19: Parsing script CGSwizzle.material
13:45:19: Parsing script Examples-DynTex.material
13:45:19: Parsing script ASMSwizzle.material
13:45:19: Parsing script RZR-002.material
13:45:19: Parsing script NightVision.material
13:45:19: Parsing script instancing.material
13:45:19: GLSL compiling: InstancingGLSL
13:45:19: GLSL compiled : InstancingGLSL
13:45:19: GLSL compiling: InstancingShadowCasterGLSL
13:45:19: GLSL compiled : InstancingShadowCasterGLSL
13:45:19: GLSL compiling: CrowdGLSL
13:45:19: GLSL compiled : CrowdGLSL
13:45:19: GLSL compiling: CrowdShadowCasterGLSL
13:45:19: GLSL compiled : CrowdShadowCasterGLSL
13:45:19: Parsing script Bloom.material
13:45:19: GLSL compiling: Blur_ps_glsl
13:45:19: GLSL compiled : Blur_ps_glsl
13:45:19: GLSL compiling: Blur0_vs_glsl
13:45:19: GLSL compiled : Blur0_vs_glsl
13:45:19: GLSL compiling: Blur1_vs_glsl
13:45:19: GLSL compiled : Blur1_vs_glsl
13:45:19: Parsing script Bloom2.material
13:45:19: GLSL compiling: Bloom2_ps20_glsl
13:45:19: GLSL compiled : Bloom2_ps20_glsl
13:45:19: Parsing script CompositorDemo.material
13:45:19: Parsing script Halftone.material
13:45:19: Parsing script BlackAndWhite.material
13:45:19: Parsing script ShaderSystem.material
13:45:19: Parsing script Examples-Advanced.material
13:45:19: Compiler error: object unsupported by render system in Examples-Advanced.material(383)
13:45:19: Parsing script hdr.material
13:45:19: GLSL compiling: Ogre/Compositor/HDR/downscale2x2LuminenceGLSL_fp
13:45:19: GLSL compiled : Ogre/Compositor/HDR/downscale2x2LuminenceGLSL_fp
13:45:19: GLSL compiling: Ogre/Compositor/HDR/downscale3x3GLSL_fp
13:45:19: GLSL compiled : Ogre/Compositor/HDR/downscale3x3GLSL_fp
13:45:19: GLSL compiling: Ogre/Compositor/HDR/utils_fp
13:45:19: GLSL compiled : Ogre/Compositor/HDR/utils_fp
13:45:19: GLSL compiling: Ogre/Compositor/HDR/downscale3x3brightpassGLSL_fp
13:45:19: GLSL compiled : Ogre/Compositor/HDR/downscale3x3brightpassGLSL_fp
13:45:19: GLSL compiling: Ogre/Compositor/HDR/bloomGLSL_fp
13:45:19: GLSL compiled : Ogre/Compositor/HDR/bloomGLSL_fp
13:45:19: GLSL compiling: Ogre/Compositor/HDR/utils_fp
13:45:19: GLSL compiled : Ogre/Compositor/HDR/utils_fp
13:45:19: GLSL compiling: Ogre/Compositor/HDR/finaltonemappingGLSL_fp
13:45:19: GLSL compiled : Ogre/Compositor/HDR/finaltonemappingGLSL_fp
13:45:19: Parsing script ASCII.material
13:45:19: Parsing script shadows.material
13:45:19: Parsing script facial.material
13:45:19: Parsing script Ocean.material
13:45:19: GLSL compiling: GLSL/OceanVS
13:45:19: GLSL compiled : GLSL/OceanVS
13:45:19: GLSL compiling: GLSL/OceanFS
13:45:19: GLSL compiled : GLSL/OceanFS
13:45:19: GLSL compiling: GLSL/Ocean2VS
13:45:19: GLSL compiled : GLSL/Ocean2VS
13:45:19: GLSL compiling: GLSL/Ocean2FS
13:45:19: GLSL compiled : GLSL/Ocean2FS
13:45:19: Parsing script Tiling.material
13:45:19: Parsing script Ogre.material
13:45:19: Parsing script OffsetMapping.material
13:45:19: Compiler error: object unsupported by render system in OffsetMapping.material(18)
13:45:19: GLSL compiling: Examples/OffsetMappingIntegratedShadowsFPglsl
13:45:19: GLSL compiled : Examples/OffsetMappingIntegratedShadowsFPglsl
13:45:19: GLSL compiling: Examples/OffsetMappingIntegratedShadowsVPglsl
13:45:19: GLSL compiled : Examples/OffsetMappingIntegratedShadowsVPglsl
13:45:19: Parsing script HeatVision.material
13:45:19: Parsing script Posterize.material
13:45:19: Parsing script Embossed.material
13:45:19: Parsing script ParticleGS.material
13:45:19: Parsing script GLSLSwizzle.material
13:45:19: GLSL compiling: Ogre/GPTest/Swizzle_GP_GLSL
13:45:19: GLSL compiled : Ogre/GPTest/Swizzle_GP_GLSL
13:45:19: GLSL compiling: Ogre/GPTest/Passthrough_VP_GLSL
13:45:19: GLSL compiled : Ogre/GPTest/Passthrough_VP_GLSL
13:45:19: Parsing script Dither.material
13:45:19: Parsing script DOF.material
13:45:19: Parsing script OldMovie.material
13:45:19: Parsing script Hurt.material
13:45:19: Parsing script Invert.material
13:45:19: Parsing script ssao.material
13:45:19: Parsing script deferred_post.material
13:45:19: Parsing script deferreddemo.material
13:45:19: Parsing script ShadowCaster.material
13:45:19: Parsing script deferred_post_minilight.material
13:45:19: Parsing script ROOM.material
13:45:19: Parsing script RTShaderSystem.material
13:45:19: Compiler error: unknown error in RTShaderSystem.material(23): token "rtshader_system" is not recognized
13:45:19: Compiler error: unknown error in RTShaderSystem.material(52): token "rtshader_system" is not recognized
13:45:19: Compiler error: unknown error in RTShaderSystem.material(81): token "rtshader_system" is not recognized
13:45:19: Compiler error: unknown error in RTShaderSystem.material(110): token "rtshader_system" is not recognized
13:45:19: Compiler error: unknown error in RTShaderSystem.material(146): token "rtshader_system" is not recognized
13:45:19: Compiler error: unknown error in RTShaderSystem.material(81): token "rtshader_system" is not recognized
13:45:19: Compiler error: unknown error in RTShaderSystem.material(162): token "rtshader_system" is not recognized
13:45:19: Compiler error: unknown error in RTShaderSystem.material(81): token "rtshader_system" is not recognized
13:45:19: Compiler error: unknown error in RTShaderSystem.material(110): token "rtshader_system" is not recognized
13:45:19: Parsing script RomanBath.material
13:45:19: Parsing script Sinbad.material
13:45:19: Parsing script smoke.particle
13:45:19: Parsing script Examples-Water.particle
13:45:19: Parsing script emitted_emitter.particle
13:45:19: Parsing script Examples.particle
13:45:19: Parsing script Examples.compositor
13:45:19: Parsing script ssao.compositor
13:45:19: Parsing script deferred.compositor
13:45:19: Parsing script sample.fontdef
13:45:19: Finished parsing scripts for resource group Popular
13:45:19: Mesh: Loading BlueMarine.mesh.
13:45:19: OGRE EXCEPTION(6:FileNotFoundException): Cannot locate resource BlueMarine.mesh in resource group Autodetect or any other group. in ResourceGroupManager::openResource at /build/buildd/ogre-1.7.3/OgreMain/src/OgreResourceGroupManager.cpp (line 753)
13:45:19: DefaultWorkQueue('Root') shutting down on thread 0x2180170.
13:45:19: DefaultWorkQueue('Root')::WorkerFunc - thread 0x25b69c0 stopped.
13:45:19: DefaultWorkQueue('Root')::WorkerFunc - thread 0x25b7620 stopped.
13:45:19: DefaultWorkQueue('Root')::WorkerFunc - thread 0x25b6360 stopped.
13:45:19: DefaultWorkQueue('Root')::WorkerFunc - thread 0x25afa60 stopped.
13:45:19: DefaultWorkQueue('Root')::WorkerFunc - thread 0x25b81d0 stopped.
13:45:19: DefaultWorkQueue('Root')::WorkerFunc - thread 0x23af330 stopped.
13:45:19: PCZone Factory Type 'ZoneType_Octree' unregistered
13:45:19: PCZone Factory Type 'ZoneType_Terrain' unregistered
13:45:19: Unregistering ResourceManager for type BspLevel
13:45:19: *-*-* OGRE Shutdown
13:45:19: Unregistering ResourceManager for type Compositor
13:45:19: Unregistering ResourceManager for type Font
13:45:19: Unregistering ResourceManager for type Skeleton
13:45:19: Unregistering ResourceManager for type Mesh
13:45:19: Unregistering ResourceManager for type HighLevelGpuProgram
13:45:19: Uninstalling plugin: Octree & Terrain Scene Manager
13:45:19: Plugin successfully uninstalled
13:45:19: Unloading library /usr/lib/OGRE/Plugin_OctreeSceneManager
13:45:19: Uninstalling plugin: Octree Zone Factory
13:45:19: Plugin successfully uninstalled
13:45:19: Unloading library /usr/lib/OGRE/Plugin_OctreeZone
13:45:19: Uninstalling plugin: Portal Connected Zone Scene Manager
13:45:19: Plugin successfully uninstalled
13:45:19: Unloading library /usr/lib/OGRE/Plugin_PCZSceneManager
13:45:19: Uninstalling plugin: Cg Program Manager
13:45:19: Plugin successfully uninstalled
13:45:19: Unloading library /usr/lib/OGRE/Plugin_CgProgramManager
13:45:19: Uninstalling plugin: BSP Scene Manager
13:45:19: Plugin successfully uninstalled
13:45:19: Unloading library /usr/lib/OGRE/Plugin_BSPSceneManager
13:45:19: Uninstalling plugin: ParticleFX
13:45:19: Plugin successfully uninstalled
13:45:19: Unloading library /usr/lib/OGRE/Plugin_ParticleFX
13:45:19: Uninstalling plugin: GL RenderSystem
13:45:19: Unregistering ResourceManager for type GpuProgram
13:45:19: ******************************
*** Stopping GLX Subsystem ***
******************************
13:45:19: Unregistering ResourceManager for type Texture
13:45:19: Plugin successfully uninstalled
13:45:19: Unloading library /usr/lib/OGRE/RenderSystem_GL
13:45:19: Unregistering ResourceManager for type Material
